<?xml version="1.0" encoding="UTF-8"?>
<testng-results ignored="0" total="4" passed="3" failed="1" skipped="0">
  <reporter-output>
  </reporter-output>
  <suite started-at="2024-03-03T16:28:40 IST" name="Suite" finished-at="2024-03-03T16:29:18 IST" duration-ms="37869">
    <groups>
      <group name="ErrorHandling">
        <method signature="ErrorValidationsTest.LoginErrorValidation()[pri:0, instance:AutomationTest.tests.ErrorValidationsTest@3a0baae5]" name="LoginErrorValidation" class="AutomationTest.tests.ErrorValidationsTest"/>
      </group> <!-- ErrorHandling -->
      <group name="CreateOrder">
        <method signature="standaloneSubmitTest.submitOrder(java.util.HashMap)[pri:0, instance:AutomationTest.tests.standaloneSubmitTest@49964d75]" name="submitOrder" class="AutomationTest.tests.standaloneSubmitTest"/>
      </group> <!-- CreateOrder -->
    </groups>
    <test started-at="2024-03-03T16:28:40 IST" name="Error Validations Test" finished-at="2024-03-03T16:28:46 IST" duration-ms="5991">
      <class name="AutomationTest.tests.ErrorValidationsTest">
        <test-method is-config="true" signature="launchApplication()[pri:0, instance:AutomationTest.tests.ErrorValidationsTest@3a0baae5]" started-at="2024-03-03T16:28:40 IST" name="launchApplication" finished-at="2024-03-03T16:28:45 IST" duration-ms="5013" status="PASS">
          <reporter-output>
          </reporter-output>
        </test-method> <!-- launchApplication -->
        <test-method signature="LoginErrorValidation()[pri:0, instance:AutomationTest.tests.ErrorValidationsTest@3a0baae5]" started-at="2024-03-03T16:28:45 IST" name="LoginErrorValidation" finished-at="2024-03-03T16:28:45 IST" duration-ms="392" status="FAIL">
          <exception class="java.lang.AssertionError">
            <message>
              <![CDATA[expected [Incorrect email or password.] but found [Incorrt email or password.]]]>
            </message>
            <full-stacktrace>
              <![CDATA[java.lang.AssertionError: expected [Incorrect email or password.] but found [Incorrt email or password.]
at org.testng.Assert.fail(Assert.java:111)
at org.testng.Assert.failNotEquals(Assert.java:1578)
at org.testng.Assert.assertEqualsImpl(Assert.java:150)
at org.testng.Assert.assertEquals(Assert.java:132)
at org.testng.Assert.assertEquals(Assert.java:656)
at org.testng.Assert.assertEquals(Assert.java:666)
at AutomationTest.tests.ErrorValidationsTest.LoginErrorValidation(ErrorValidationsTest.java:22)
at java.base/jdk.internal.reflect.NativeMethodAccessorImpl.invoke0(Native Method)
at java.base/jdk.internal.reflect.NativeMethodAccessorImpl.invoke(NativeMethodAccessorImpl.java:77)
at java.base/jdk.internal.reflect.DelegatingMethodAccessorImpl.invoke(DelegatingMethodAccessorImpl.java:43)
at java.base/java.lang.reflect.Method.invoke(Method.java:568)
at org.testng.internal.invokers.MethodInvocationHelper.invokeMethod(MethodInvocationHelper.java:139)
at org.testng.internal.invokers.TestInvoker.invokeMethod(TestInvoker.java:664)
at org.testng.internal.invokers.TestInvoker.invokeTestMethod(TestInvoker.java:227)
at org.testng.internal.invokers.MethodRunner.runInSequence(MethodRunner.java:50)
at org.testng.internal.invokers.TestInvoker$MethodInvocationAgent.invoke(TestInvoker.java:957)
at org.testng.internal.invokers.TestInvoker.invokeTestMethods(TestInvoker.java:200)
at org.testng.internal.invokers.TestMethodWorker.invokeTestMethods(TestMethodWorker.java:148)
at org.testng.internal.invokers.TestMethodWorker.run(TestMethodWorker.java:128)
at java.base/java.util.ArrayList.forEach(ArrayList.java:1511)
at org.testng.TestRunner.privateRun(TestRunner.java:848)
at org.testng.TestRunner.run(TestRunner.java:621)
at org.testng.SuiteRunner.runTest(SuiteRunner.java:443)
at org.testng.SuiteRunner$SuiteWorker.run(SuiteRunner.java:481)
at org.testng.internal.thread.ThreadUtil.lambda$execute$0(ThreadUtil.java:58)
at java.base/java.util.concurrent.FutureTask.run(FutureTask.java:264)
at java.base/java.util.concurrent.ThreadPoolExecutor.runWorker(ThreadPoolExecutor.java:1136)
at java.base/java.util.concurrent.ThreadPoolExecutor$Worker.run(ThreadPoolExecutor.java:635)
at java.base/java.lang.Thread.run(Thread.java:833)
]]>
            </full-stacktrace>
          </exception> <!-- java.lang.AssertionError -->
          <reporter-output>
          </reporter-output>
        </test-method> <!-- LoginErrorValidation -->
        <test-method is-config="true" signature="tearDown()[pri:0, instance:AutomationTest.tests.ErrorValidationsTest@3a0baae5]" started-at="2024-03-03T16:28:46 IST" name="tearDown" finished-at="2024-03-03T16:28:46 IST" duration-ms="170" status="PASS">
          <reporter-output>
          </reporter-output>
        </test-method> <!-- tearDown -->
      </class> <!-- AutomationTest.tests.ErrorValidationsTest -->
    </test> <!-- Error Validations Test -->
    <test started-at="2024-03-03T16:28:40 IST" name="Submit Order Test" finished-at="2024-03-03T16:29:18 IST" duration-ms="37869">
      <class name="AutomationTest.tests.standaloneSubmitTest">
        <test-method is-config="true" signature="launchApplication()[pri:0, instance:AutomationTest.tests.standaloneSubmitTest@49964d75]" started-at="2024-03-03T16:28:40 IST" name="launchApplication" finished-at="2024-03-03T16:28:43 IST" duration-ms="2930" status="PASS">
          <reporter-output>
          </reporter-output>
        </test-method> <!-- launchApplication -->
        <test-method signature="submitOrder(java.util.HashMap)[pri:0, instance:AutomationTest.tests.standaloneSubmitTest@49964d75]" started-at="2024-03-03T16:28:43 IST" name="submitOrder" data-provider="getData" finished-at="2024-03-03T16:28:58 IST" duration-ms="14526" status="PASS">
          <params>
            <param index="0">
              <value>
                <![CDATA[{password=David@54321, item=ADIDAS ORIGINAL, email=DavidMDiaz@rhyta.com}]]>
              </value>
            </param>
          </params>
          <reporter-output>
          </reporter-output>
        </test-method> <!-- submitOrder -->
        <test-method is-config="true" signature="tearDown()[pri:0, instance:AutomationTest.tests.standaloneSubmitTest@49964d75]" started-at="2024-03-03T16:28:58 IST" name="tearDown" finished-at="2024-03-03T16:28:58 IST" duration-ms="195" status="PASS">
          <reporter-output>
          </reporter-output>
        </test-method> <!-- tearDown -->
        <test-method is-config="true" signature="launchApplication()[pri:0, instance:AutomationTest.tests.standaloneSubmitTest@49964d75]" started-at="2024-03-03T16:28:58 IST" name="launchApplication" finished-at="2024-03-03T16:28:59 IST" duration-ms="1373" status="PASS">
          <reporter-output>
          </reporter-output>
        </test-method> <!-- launchApplication -->
        <test-method signature="submitOrder(java.util.HashMap)[pri:0, instance:AutomationTest.tests.standaloneSubmitTest@49964d75]" started-at="2024-03-03T16:28:59 IST" name="submitOrder" data-provider="getData" finished-at="2024-03-03T16:29:14 IST" duration-ms="14332" status="PASS">
          <params>
            <param index="0">
              <value>
                <![CDATA[{password=Cillian@54321, item=ZARA COAT 3, email=zalepraddili-9737@yopmail.com}]]>
              </value>
            </param>
          </params>
          <reporter-output>
          </reporter-output>
        </test-method> <!-- submitOrder -->
        <test-method is-config="true" signature="tearDown()[pri:0, instance:AutomationTest.tests.standaloneSubmitTest@49964d75]" started-at="2024-03-03T16:29:14 IST" name="tearDown" finished-at="2024-03-03T16:29:14 IST" duration-ms="182" status="PASS">
          <reporter-output>
          </reporter-output>
        </test-method> <!-- tearDown -->
        <test-method is-config="true" signature="launchApplication()[pri:0, instance:AutomationTest.tests.standaloneSubmitTest@49964d75]" started-at="2024-03-03T16:29:14 IST" name="launchApplication" finished-at="2024-03-03T16:29:17 IST" duration-ms="2735" status="PASS">
          <reporter-output>
          </reporter-output>
        </test-method> <!-- launchApplication -->
        <test-method signature="orderHistoryTest()[pri:0, instance:AutomationTest.tests.standaloneSubmitTest@49964d75]" started-at="2024-03-03T16:29:17 IST" name="orderHistoryTest" finished-at="2024-03-03T16:29:17 IST" depends-on-methods="AutomationTest.tests.standaloneSubmitTest.submitOrder" duration-ms="505" status="PASS">
          <reporter-output>
          </reporter-output>
        </test-method> <!-- orderHistoryTest -->
        <test-method is-config="true" signature="tearDown()[pri:0, instance:AutomationTest.tests.standaloneSubmitTest@49964d75]" started-at="2024-03-03T16:29:17 IST" name="tearDown" finished-at="2024-03-03T16:29:18 IST" duration-ms="163" status="PASS">
          <reporter-output>
          </reporter-output>
        </test-method> <!-- tearDown -->
      </class> <!-- AutomationTest.tests.standaloneSubmitTest -->
    </test> <!-- Submit Order Test -->
  </suite> <!-- Suite -->
</testng-results>
